<?xml version="1.0" encoding="UTF-8"?>
<testsuite name="com.vaibhav.scdf.processor.ProcessorApplicationTests" tests="1" skipped="0" failures="0" errors="0" timestamp="2021-01-04T22:42:08" hostname="MacBook-Pro.local" time="0.317">
  <properties/>
  <testcase name="contextLoads()" classname="com.vaibhav.scdf.processor.ProcessorApplicationTests" time="0.317"/>
  <system-out><![CDATA[16:42:04.917 [Test worker] DEBUG org.springframework.test.context.BootstrapUtils - Instantiating CacheAwareContextLoaderDelegate from class [org.springframework.test.context.cache.DefaultCacheAwareContextLoaderDelegate]
16:42:04.926 [Test worker] DEBUG org.springframework.test.context.BootstrapUtils - Instantiating BootstrapContext using constructor [public org.springframework.test.context.support.DefaultBootstrapContext(java.lang.Class,org.springframework.test.context.CacheAwareContextLoaderDelegate)]
16:42:04.951 [Test worker] DEBUG org.springframework.test.context.BootstrapUtils - Instantiating TestContextBootstrapper for test class [com.vaibhav.scdf.processor.ProcessorApplicationTests] from class [org.springframework.boot.test.context.SpringBootTestContextBootstrapper]
16:42:04.960 [Test worker] INFO org.springframework.boot.test.context.SpringBootTestContextBootstrapper - Neither @ContextConfiguration nor @ContextHierarchy found for test class [com.vaibhav.scdf.processor.ProcessorApplicationTests], using SpringBootContextLoader
16:42:04.964 [Test worker] DEBUG org.springframework.test.context.support.AbstractContextLoader - Did not detect default resource location for test class [com.vaibhav.scdf.processor.ProcessorApplicationTests]: class path resource [com/vaibhav/scdf/processor/ProcessorApplicationTests-context.xml] does not exist
16:42:04.964 [Test worker] DEBUG org.springframework.test.context.support.AbstractContextLoader - Did not detect default resource location for test class [com.vaibhav.scdf.processor.ProcessorApplicationTests]: class path resource [com/vaibhav/scdf/processor/ProcessorApplicationTestsContext.groovy] does not exist
16:42:04.964 [Test worker] INFO org.springframework.test.context.support.AbstractContextLoader - Could not detect default resource locations for test class [com.vaibhav.scdf.processor.ProcessorApplicationTests]: no resource found for suffixes {-context.xml, Context.groovy}.
16:42:04.965 [Test worker] INFO org.springframework.test.context.support.AnnotationConfigContextLoaderUtils - Could not detect default configuration classes for test class [com.vaibhav.scdf.processor.ProcessorApplicationTests]: ProcessorApplicationTests does not declare any static, non-private, non-final, nested classes annotated with @Configuration.
16:42:04.999 [Test worker] DEBUG org.springframework.test.context.support.ActiveProfilesUtils - Could not find an 'annotation declaring class' for annotation type [org.springframework.test.context.ActiveProfiles] and class [com.vaibhav.scdf.processor.ProcessorApplicationTests]
16:42:05.045 [Test worker] DEBUG org.springframework.context.annotation.ClassPathScanningCandidateComponentProvider - Identified candidate component class: file [/Users/vaibhavsrivastava/Documents/SpringCloudDataFlow/scdf_processor_app/build/classes/java/main/com/vaibhav/scdf/processor/ProcessorApplication.class]
16:42:05.046 [Test worker] INFO org.springframework.boot.test.context.SpringBootTestContextBootstrapper - Found @SpringBootConfiguration com.vaibhav.scdf.processor.ProcessorApplication for test class com.vaibhav.scdf.processor.ProcessorApplicationTests
16:42:05.113 [Test worker] DEBUG org.springframework.boot.test.context.SpringBootTestContextBootstrapper - @TestExecutionListeners is not present for class [com.vaibhav.scdf.processor.ProcessorApplicationTests]: using defaults.
16:42:05.114 [Test worker] INFO org.springframework.boot.test.context.SpringBootTestContextBootstrapper - Loaded default TestExecutionListener class names from location [META-INF/spring.factories]: [org.springframework.boot.test.autoconfigure.restdocs.RestDocsTestExecutionListener, org.springframework.boot.test.autoconfigure.web.client.MockRestServiceServerResetTestExecutionListener, org.springframework.boot.test.autoconfigure.web.servlet.MockMvcPrintOnlyOnFailureTestExecutionListener, org.springframework.boot.test.autoconfigure.web.servlet.WebDriverTestExecutionListener, org.springframework.boot.test.autoconfigure.webservices.client.MockWebServiceServerTestExecutionListener, org.springframework.boot.test.mock.mockito.MockitoTestExecutionListener, org.springframework.boot.test.mock.mockito.ResetMocksTestExecutionListener, org.springframework.test.context.web.ServletTestExecutionListener, org.springframework.test.context.support.DirtiesContextBeforeModesTestExecutionListener, org.springframework.test.context.support.DependencyInjectionTestExecutionListener, org.springframework.test.context.support.DirtiesContextTestExecutionListener, org.springframework.test.context.transaction.TransactionalTestExecutionListener, org.springframework.test.context.jdbc.SqlScriptsTestExecutionListener, org.springframework.test.context.event.EventPublishingTestExecutionListener]
16:42:05.121 [Test worker] DEBUG org.springframework.boot.test.context.SpringBootTestContextBootstrapper - Skipping candidate TestExecutionListener [org.springframework.test.context.web.ServletTestExecutionListener] due to a missing dependency. Specify custom listener classes or make the default listener classes and their required dependencies available. Offending class: [javax/servlet/ServletContext]
16:42:05.125 [Test worker] INFO org.springframework.boot.test.context.SpringBootTestContextBootstrapper - Using TestExecutionListeners: [org.springframework.test.context.support.DirtiesContextBeforeModesTestExecutionListener@56da6ae0, org.springframework.boot.test.mock.mockito.MockitoTestExecutionListener@342d8758, org.springframework.boot.test.autoconfigure.SpringBootDependencyInjectionTestExecutionListener@6a8f02ae, org.springframework.test.context.support.DirtiesContextTestExecutionListener@874a779, org.springframework.test.context.transaction.TransactionalTestExecutionListener@d7c51fd, org.springframework.test.context.jdbc.SqlScriptsTestExecutionListener@5533004d, org.springframework.test.context.event.EventPublishingTestExecutionListener@47bbe237, org.springframework.boot.test.autoconfigure.restdocs.RestDocsTestExecutionListener@6ad9cad6, org.springframework.boot.test.autoconfigure.web.client.MockRestServiceServerResetTestExecutionListener@5c58dc9, org.springframework.boot.test.autoconfigure.web.servlet.MockMvcPrintOnlyOnFailureTestExecutionListener@4839c454, org.springframework.boot.test.autoconfigure.web.servlet.WebDriverTestExecutionListener@500b3d3e, org.springframework.boot.test.autoconfigure.webservices.client.MockWebServiceServerTestExecutionListener@7420d293, org.springframework.boot.test.mock.mockito.ResetMocksTestExecutionListener@5d22b21b]
16:42:05.127 [Test worker] DEBUG org.springframework.test.context.support.AbstractDirtiesContextTestExecutionListener - Before test class: context [DefaultTestContext@120207a3 testClass = ProcessorApplicationTests, testInstance = [null], testMethod = [null], testException = [null], mergedContextConfiguration = [MergedContextConfiguration@4a662164 testClass = ProcessorApplicationTests, locations = '{}', classes = '{class com.vaibhav.scdf.processor.ProcessorApplication}', contextInitializerClasses = '[]', activeProfiles = '{}', propertySourceLocations = '{}', propertySourceProperties = '{org.springframework.boot.test.context.SpringBootTestContextBootstrapper=true}', contextCustomizers = set[org.springframework.boot.test.autoconfigure.actuate.metrics.MetricsExportContextCustomizerFactory$DisableMetricExportContextCustomizer@6d31a43c, org.springframework.boot.test.autoconfigure.properties.PropertyMappingContextCustomizer@0, org.springframework.boot.test.autoconfigure.web.servlet.WebDriverContextCustomizerFactory$Customizer@26e2b1e6, org.springframework.boot.test.context.filter.ExcludeFilterContextCustomizer@3338dee, org.springframework.boot.test.json.DuplicateJsonObjectContextCustomizerFactory$DuplicateJsonObjectContextCustomizer@36223ff4, org.springframework.boot.test.mock.mockito.MockitoContextCustomizer@0, org.springframework.boot.test.web.client.TestRestTemplateContextCustomizer@66a3acf6, org.springframework.boot.test.context.SpringBootTestArgs@1, org.springframework.boot.test.context.SpringBootTestWebEnvironment@40c4f565], contextLoader = 'org.springframework.boot.test.context.SpringBootContextLoader', parent = [null]], attributes = map[[empty]]], class annotated with @DirtiesContext [false] with mode [null].
16:42:05.135 [Test worker] DEBUG org.springframework.test.context.support.DependencyInjectionTestExecutionListener - Performing dependency injection for test context [[DefaultTestContext@120207a3 testClass = ProcessorApplicationTests, testInstance = com.vaibhav.scdf.processor.ProcessorApplicationTests@3814f30d, testMethod = [null], testException = [null], mergedContextConfiguration = [MergedContextConfiguration@4a662164 testClass = ProcessorApplicationTests, locations = '{}', classes = '{class com.vaibhav.scdf.processor.ProcessorApplication}', contextInitializerClasses = '[]', activeProfiles = '{}', propertySourceLocations = '{}', propertySourceProperties = '{org.springframework.boot.test.context.SpringBootTestContextBootstrapper=true}', contextCustomizers = set[org.springframework.boot.test.autoconfigure.actuate.metrics.MetricsExportContextCustomizerFactory$DisableMetricExportContextCustomizer@6d31a43c, org.springframework.boot.test.autoconfigure.properties.PropertyMappingContextCustomizer@0, org.springframework.boot.test.autoconfigure.web.servlet.WebDriverContextCustomizerFactory$Customizer@26e2b1e6, org.springframework.boot.test.context.filter.ExcludeFilterContextCustomizer@3338dee, org.springframework.boot.test.json.DuplicateJsonObjectContextCustomizerFactory$DuplicateJsonObjectContextCustomizer@36223ff4, org.springframework.boot.test.mock.mockito.MockitoContextCustomizer@0, org.springframework.boot.test.web.client.TestRestTemplateContextCustomizer@66a3acf6, org.springframework.boot.test.context.SpringBootTestArgs@1, org.springframework.boot.test.context.SpringBootTestWebEnvironment@40c4f565], contextLoader = 'org.springframework.boot.test.context.SpringBootContextLoader', parent = [null]], attributes = map[[empty]]]].
16:42:05.148 [Test worker] DEBUG org.springframework.test.context.support.TestPropertySourceUtils - Adding inlined properties to environment: {spring.jmx.enabled=false, org.springframework.boot.test.context.SpringBootTestContextBootstrapper=true}

  .   ____          _            __ _ _
 /\\ / ___'_ __ _ _(_)_ __  __ _ \ \ \ \
( ( )\___ | '_ | '_| | '_ \/ _` | \ \ \ \
 \\/  ___)| |_)| | | | | || (_| |  ) ) ) )
  '  |____| .__|_| |_|_| |_\__, | / / / /
 =========|_|==============|___/=/_/_/_/
 :: Spring Boot ::                (v2.4.1)

2021-01-04 16:42:05.547  INFO 39036 --- [    Test worker] c.v.s.p.ProcessorApplicationTests        : Starting ProcessorApplicationTests using Java 14.0.1 on MacBook-Pro.local with PID 39036 (started by vaibhavsrivastava in /Users/vaibhavsrivastava/Documents/SpringCloudDataFlow/scdf_processor_app)
2021-01-04 16:42:05.549  INFO 39036 --- [    Test worker] c.v.s.p.ProcessorApplicationTests        : No active profile set, falling back to default profiles: default
2021-01-04 16:42:06.090  INFO 39036 --- [    Test worker] o.s.c.a.ConfigurationClassEnhancer       : @Bean method FunctionConfiguration.po is non-static and returns an object assignable to Spring's BeanFactoryPostProcessor interface. This will result in a failure to process annotations such as @Autowired, @Resource and @PostConstruct within the method's declaring @Configuration class. Add the 'static' modifier to this method to avoid these container lifecycle issues; see @Bean javadoc for complete details.
2021-01-04 16:42:06.099  INFO 39036 --- [    Test worker] faultConfiguringBeanFactoryPostProcessor : No bean named 'errorChannel' has been explicitly defined. Therefore, a default PublishSubscribeChannel will be created.
2021-01-04 16:42:06.102  INFO 39036 --- [    Test worker] faultConfiguringBeanFactoryPostProcessor : No bean named 'taskScheduler' has been explicitly defined. Therefore, a default ThreadPoolTaskScheduler will be created.
2021-01-04 16:42:06.105  INFO 39036 --- [    Test worker] faultConfiguringBeanFactoryPostProcessor : No bean named 'integrationHeaderChannelRegistry' has been explicitly defined. Therefore, a default DefaultHeaderChannelRegistry will be created.
2021-01-04 16:42:06.162  INFO 39036 --- [    Test worker] trationDelegate$BeanPostProcessorChecker : Bean 'integrationChannelResolver' of type [org.springframework.integration.support.channel.BeanFactoryChannelResolver] is not eligible for getting processed by all BeanPostProcessors (for example: not eligible for auto-proxying)
2021-01-04 16:42:06.166  INFO 39036 --- [    Test worker] trationDelegate$BeanPostProcessorChecker : Bean 'integrationDisposableAutoCreatedBeans' of type [org.springframework.integration.config.annotation.Disposables] is not eligible for getting processed by all BeanPostProcessors (for example: not eligible for auto-proxying)
2021-01-04 16:42:06.174  INFO 39036 --- [    Test worker] trationDelegate$BeanPostProcessorChecker : Bean 'org.springframework.integration.config.IntegrationManagementConfiguration' of type [org.springframework.integration.config.IntegrationManagementConfiguration] is not eligible for getting processed by all BeanPostProcessors (for example: not eligible for auto-proxying)
2021-01-04 16:42:06.899  INFO 39036 --- [    Test worker] o.s.s.c.ThreadPoolTaskScheduler          : Initializing ExecutorService 'taskScheduler'
2021-01-04 16:42:06.912  INFO 39036 --- [    Test worker] onConfiguration$FunctionBindingRegistrar : Functional binding is disabled due to the presense of @EnableBinding annotation in your configuration
2021-01-04 16:42:07.055  INFO 39036 --- [    Test worker] o.s.i.endpoint.EventDrivenConsumer       : Adding {logging-channel-adapter:_org.springframework.integration.errorLogger} as a subscriber to the 'errorChannel' channel
2021-01-04 16:42:07.055  INFO 39036 --- [    Test worker] o.s.i.channel.PublishSubscribeChannel    : Channel 'processor-app.errorChannel' has 1 subscriber(s).
2021-01-04 16:42:07.055  INFO 39036 --- [    Test worker] o.s.i.endpoint.EventDrivenConsumer       : started bean '_org.springframework.integration.errorLogger'
2021-01-04 16:42:07.056  INFO 39036 --- [    Test worker] o.s.i.endpoint.EventDrivenConsumer       : Adding {service-activator:processorApplication.transform.serviceActivator} as a subscriber to the 'input' channel
2021-01-04 16:42:07.056  INFO 39036 --- [    Test worker] o.s.c.s.m.DirectWithAttributesChannel    : Channel 'processor-app.input' has 1 subscriber(s).
2021-01-04 16:42:07.056  INFO 39036 --- [    Test worker] o.s.i.endpoint.EventDrivenConsumer       : started bean 'processorApplication.transform.serviceActivator'
2021-01-04 16:42:07.057  INFO 39036 --- [    Test worker] o.s.c.s.binder.DefaultBinderFactory      : Creating binder: rabbit
2021-01-04 16:42:07.163  INFO 39036 --- [    Test worker] o.s.c.s.binder.DefaultBinderFactory      : Caching the binder: rabbit
2021-01-04 16:42:07.164  INFO 39036 --- [    Test worker] o.s.c.s.binder.DefaultBinderFactory      : Retrieving cached binder: rabbit
2021-01-04 16:42:07.237  INFO 39036 --- [    Test worker] o.s.a.r.c.CachingConnectionFactory       : Attempting to connect to: [localhost:5672]
2021-01-04 16:42:08.518  INFO 39036 --- [    Test worker] o.s.a.r.c.CachingConnectionFactory       : Created new connection: rabbitConnectionFactory#4505057a:0/SimpleConnection@71abbb11 [delegate=amqp://guest@127.0.0.1:5672/, localPort= 57807]
2021-01-04 16:42:08.564  INFO 39036 --- [    Test worker] o.s.c.s.m.DirectWithAttributesChannel    : Channel 'processor-app.output' has 1 subscriber(s).
2021-01-04 16:42:08.565  INFO 39036 --- [    Test worker] o.s.c.s.binder.DefaultBinderFactory      : Retrieving cached binder: rabbit
2021-01-04 16:42:08.583  INFO 39036 --- [    Test worker] c.s.b.r.p.RabbitExchangeQueueProvisioner : declaring queue for inbound: demo.haliho, bound to: demo
2021-01-04 16:42:08.595  INFO 39036 --- [    Test worker] o.s.c.stream.binder.BinderErrorChannel   : Channel 'demo.haliho.errors' has 1 subscriber(s).
2021-01-04 16:42:08.595  INFO 39036 --- [    Test worker] o.s.c.stream.binder.BinderErrorChannel   : Channel 'demo.haliho.errors' has 2 subscriber(s).
2021-01-04 16:42:08.608  INFO 39036 --- [    Test worker] o.s.i.a.i.AmqpInboundChannelAdapter      : started bean 'inbound.demo.haliho'
2021-01-04 16:42:08.631  INFO 39036 --- [    Test worker] c.v.s.p.ProcessorApplicationTests        : Started ProcessorApplicationTests in 3.481 seconds (JVM running for 4.298)
]]></system-out>
  <system-err><![CDATA[]]></system-err>
</testsuite>
